TN:
SF:config/config.cjs
FNF:0
FNH:0
DA:1,2
DA:3,2
LF:2
LH:2
BRF:0
BRH:0
end_of_record
TN:
SF:models/course.js
FN:5,(anonymous_0)
FN:12,(anonymous_1)
FNF:2
FNH:2
FNDA:2,(anonymous_0)
FNDA:2,(anonymous_1)
DA:4,2
DA:5,2
DA:14,2
DA:19,2
DA:22,2
DA:31,2
LF:6
LH:6
BRF:0
BRH:0
end_of_record
TN:
SF:models/index.js
FN:22,(anonymous_0)
FN:30,(anonymous_1)
FN:35,(anonymous_2)
FNF:3
FNH:3
FNDA:12,(anonymous_0)
FNDA:10,(anonymous_1)
FNDA:10,(anonymous_2)
DA:3,2
DA:4,2
DA:5,2
DA:6,2
DA:7,2
DA:8,2
DA:9,2
DA:10,2
DA:11,2
DA:14,2
DA:15,0
DA:17,2
DA:20,2
DA:23,12
DA:31,10
DA:32,10
DA:35,2
DA:36,10
DA:37,10
DA:41,2
DA:42,2
DA:44,2
LF:22
LH:21
BRDA:8,0,0,2
BRDA:8,0,1,0
BRDA:14,1,0,0
BRDA:14,1,1,2
BRDA:24,2,0,12
BRDA:24,2,1,12
BRDA:24,2,2,10
BRDA:24,2,3,10
BRDA:36,3,0,10
BRDA:36,3,1,0
BRF:10
BRH:7
end_of_record
TN:
SF:models/task.js
FN:5,(anonymous_0)
FN:12,(anonymous_1)
FNF:2
FNH:2
FNDA:2,(anonymous_0)
FNDA:2,(anonymous_1)
DA:4,2
DA:5,2
DA:14,2
DA:19,2
DA:25,2
DA:35,2
LF:6
LH:6
BRF:0
BRH:0
end_of_record
TN:
SF:models/tasktemplate.js
FN:5,(anonymous_0)
FN:12,(anonymous_1)
FNF:2
FNH:2
FNDA:2,(anonymous_0)
FNDA:2,(anonymous_1)
DA:4,2
DA:5,2
DA:14,2
DA:19,2
DA:24,2
DA:32,2
LF:6
LH:6
BRF:0
BRH:0
end_of_record
TN:
SF:models/user.js
FN:5,(anonymous_0)
FN:12,(anonymous_1)
FNF:2
FNH:2
FNDA:2,(anonymous_0)
FNDA:2,(anonymous_1)
DA:4,2
DA:5,2
DA:13,2
DA:17,2
DA:23,2
DA:79,2
LF:6
LH:6
BRF:0
BRH:0
end_of_record
TN:
SF:models/usercourses.js
FN:5,(anonymous_0)
FN:12,(anonymous_1)
FNF:2
FNH:2
FNDA:2,(anonymous_0)
FNDA:2,(anonymous_1)
DA:4,2
DA:5,2
DA:16,2
DA:24,2
LF:4
LH:4
BRF:0
BRH:0
end_of_record
TN:
SF:src/app.js
FNF:0
FNH:0
DA:1,2
DA:2,2
DA:3,2
DA:4,2
DA:5,2
DA:6,2
DA:7,2
DA:9,2
DA:12,2
DA:13,2
DA:16,2
DA:17,2
DA:18,2
DA:19,2
DA:22,2
LF:15
LH:15
BRF:0
BRH:0
end_of_record
TN:
SF:src/controllers/course.controller.js
FN:5,(anonymous_0)
FN:14,(anonymous_1)
FN:25,(anonymous_2)
FN:29,(anonymous_3)
FN:33,(anonymous_4)
FNF:5
FNH:0
FNDA:0,(anonymous_0)
FNDA:0,(anonymous_1)
FNDA:0,(anonymous_2)
FNDA:0,(anonymous_3)
FNDA:0,(anonymous_4)
DA:1,2
DA:3,2
DA:5,2
DA:6,0
DA:7,0
DA:8,0
DA:10,0
DA:14,2
DA:15,0
DA:17,0
DA:18,0
DA:19,0
DA:21,0
DA:25,2
DA:26,0
DA:29,2
DA:30,0
DA:33,2
DA:34,0
DA:37,2
LF:20
LH:8
BRF:0
BRH:0
end_of_record
TN:
SF:src/controllers/task.controllers.js
FN:5,(anonymous_0)
FN:9,(anonymous_1)
FN:20,(anonymous_2)
FN:24,(anonymous_3)
FN:28,(anonymous_4)
FNF:5
FNH:0
FNDA:0,(anonymous_0)
FNDA:0,(anonymous_1)
FNDA:0,(anonymous_2)
FNDA:0,(anonymous_3)
FNDA:0,(anonymous_4)
DA:1,2
DA:3,2
DA:5,2
DA:6,0
DA:9,2
DA:10,0
DA:12,0
DA:13,0
DA:14,0
DA:16,0
DA:20,2
DA:21,0
DA:24,2
DA:25,0
DA:28,2
DA:29,0
DA:32,2
LF:17
LH:8
BRF:0
BRH:0
end_of_record
TN:
SF:src/controllers/user.controllers.js
FN:6,(anonymous_0)
FN:17,(anonymous_1)
FN:29,(anonymous_2)
FN:40,(anonymous_3)
FN:54,(anonymous_4)
FN:58,(anonymous_5)
FNF:6
FNH:5
FNDA:1,(anonymous_0)
FNDA:1,(anonymous_1)
FNDA:1,(anonymous_2)
FNDA:0,(anonymous_3)
FNDA:1,(anonymous_4)
FNDA:1,(anonymous_5)
DA:2,2
DA:4,2
DA:6,2
DA:7,1
DA:8,1
DA:11,1
DA:13,0
DA:17,2
DA:18,1
DA:20,1
DA:21,1
DA:22,0
DA:23,0
DA:25,1
DA:29,2
DA:30,1
DA:31,1
DA:32,1
DA:33,1
DA:35,0
DA:40,2
DA:41,0
DA:42,0
DA:43,0
DA:45,0
DA:46,0
DA:47,0
DA:48,0
DA:50,0
DA:54,2
DA:55,1
DA:58,2
DA:59,1
DA:60,1
DA:61,1
DA:62,1
DA:64,1
DA:65,0
DA:67,1
DA:71,2
LF:40
LH:27
BRDA:61,0,0,1
BRDA:61,0,1,0
BRF:2
BRH:1
end_of_record
TN:
SF:src/controllers/welcome.controller.js
FN:1,(anonymous_0)
FNF:1
FNH:1
FNDA:1,(anonymous_0)
DA:1,2
DA:2,1
DA:5,2
LF:3
LH:3
BRF:0
BRH:0
end_of_record
TN:
SF:src/middlewares/requestLogger.middleware.js
FN:1,(anonymous_0)
FNF:1
FNH:1
FNDA:6,(anonymous_0)
DA:1,2
DA:3,6
DA:4,6
DA:7,2
LF:4
LH:4
BRF:0
BRH:0
end_of_record
TN:
SF:src/routes/course.routes.js
FNF:0
FNH:0
DA:1,2
DA:8,2
DA:10,2
DA:12,2
DA:16,2
DA:21,2
LF:6
LH:6
BRF:0
BRH:0
end_of_record
TN:
SF:src/routes/task.routes.js
FNF:0
FNH:0
DA:1,2
DA:8,2
DA:10,2
DA:12,2
DA:16,2
DA:21,2
LF:6
LH:6
BRF:0
BRH:0
end_of_record
TN:
SF:src/routes/user.routes.js
FNF:0
FNH:0
DA:1,2
DA:9,2
DA:11,2
DA:13,2
DA:17,2
DA:23,2
LF:6
LH:6
BRF:0
BRH:0
end_of_record
TN:
SF:src/routes/welcome.routes.js
FNF:0
FNH:0
DA:1,2
DA:5,2
DA:7,2
DA:10,2
DA:13,2
LF:5
LH:5
BRF:0
BRH:0
end_of_record
